<?xml version="1.0" encoding="UTF-8"?>
<!-- Generated by org.testng.reporters.JUnitReportReporter -->
<testsuite hostname="DESKTOP-43TNQQ9" name="qaclickacademy.RestAssuredTest" tests="2" failures="0" timestamp="1 Jun 2019 13:17:35 GMT" time="0.012" errors="0">
  <testcase name="OneRestAssured" time="0.012" classname="qaclickacademy.RestAssuredTest"/>
  <testcase name="TwoRestAssured" time="0.000" classname="qaclickacademy.RestAssuredTest"/>
</testsuite> <!-- qaclickacademy.RestAssuredTest -->
